<?xml version="1.0" encoding="UTF-8"?>
<!-- Generated by org.testng.reporters.JUnitXMLReporter -->
<testsuite hostname="G1C2ML15500" ignored="0" name="Booking Functionality" tests="2" failures="0" timestamp="28 Aug 2018 17:54:23 GMT" time="19.595" errors="0">
  <testcase name="loginFunctionality" time="4.509" classname="com.FrameWork.Hybrid.executionclass.Test1"/>
  <testcase name="loginFunctionality" time="4.689" classname="com.FrameWork.Hybrid.executionclass.Test1"/>
</testsuite> <!-- Booking Functionality -->
