<?xml version="1.0" encoding="UTF-8"?>
<!-- Generated by org.testng.reporters.JUnitXMLReporter -->
<testsuite hostname="G1C2ML15500" ignored="0" name="Booking Functionality" tests="2" failures="0" timestamp="28 Aug 2018 08:52:13 GMT" time="90.234" errors="0">
  <testcase name="testCase" time="39.365" classname="com.FrameWork.Hybrid.executionclass.LoginFunctionality"/>
  <testcase name="testCase" time="41.37" classname="com.FrameWork.Hybrid.executionclass.LoginFunctionality"/>
</testsuite> <!-- Booking Functionality -->
