<?xml version="1.0" encoding="UTF-8"?>
<!-- Generated by org.testng.reporters.JUnitXMLReporter -->
<testsuite hostname="G1C2ML15500" ignored="0" name="Test 1" tests="5" failures="1" timestamp="31 Aug 2018 04:40:37 GMT" time="39.64" errors="0">
  <testcase name="functionality" time="4.934" classname="com.FrameWork.Hybrid.executionclass.Test1"/>
  <testcase name="functionality" time="2.271" classname="com.FrameWork.Hybrid.executionclass.Test1"/>
  <testcase name="functionality" time="0.105" classname="com.FrameWork.Hybrid.executionclass.Test1">
    <failure type="java.lang.reflect.InvocationTargetException">
      <![CDATA[java.lang.reflect.InvocationTargetException
at com.FrameWork.Hybrid.executionclass.Test1.functionality(Test1.java:49)
Caused by: java.lang.ClassCastException: java.lang.Double cannot be cast to java.lang.String
at com.FrameWork.Hybrid.pageobject.Register.enterUserName(Register.java:16)
... 30 more
... Removed 29 stack frames]]>
    </failure>
  </testcase> <!-- functionality -->
  <testcase name="functionality" time="2.248" classname="com.FrameWork.Hybrid.executionclass.Test1"/>
  <testcase name="functionality" time="2.163" classname="com.FrameWork.Hybrid.executionclass.Test1"/>
</testsuite> <!-- Test 1 -->
